<?xml version="1.0" encoding="UTF-8"?>
<coverage generated="1580942753758" clover="3.2.0">
  <project timestamp="1580942753758" name="All files">
    <metrics statements="38" coveredstatements="36" conditionals="37" coveredconditionals="30" methods="5" coveredmethods="5" elements="80" coveredelements="71" complexity="0" loc="38" ncloc="38" packages="1" files="1" classes="1"/>
    <file name="index.ts" path="D:\Github\classnames-helper\src\index.ts">
      <metrics statements="38" coveredstatements="36" conditionals="37" coveredconditionals="30" methods="5" coveredmethods="5"/>
      <line num="17" count="1" type="stmt"/>
      <line num="18" count="179" type="stmt"/>
      <line num="21" count="294" type="stmt"/>
      <line num="30" count="1" type="stmt"/>
      <line num="31" count="179" type="cond" truecount="1" falsecount="1"/>
      <line num="32" count="179" type="stmt"/>
      <line num="33" count="179" type="cond" truecount="2" falsecount="0"/>
      <line num="35" count="0" type="stmt"/>
      <line num="45" count="1" type="stmt"/>
      <line num="46" count="29" type="cond" truecount="2" falsecount="0"/>
      <line num="52" count="6" type="stmt"/>
      <line num="54" count="23" type="stmt"/>
      <line num="63" count="1" type="stmt"/>
      <line num="64" count="448" type="stmt"/>
      <line num="71" count="125" type="stmt"/>
      <line num="74" count="250" type="stmt"/>
      <line num="76" count="198" type="cond" truecount="2" falsecount="0"/>
      <line num="77" count="71" type="stmt"/>
      <line num="78" count="71" type="stmt"/>
      <line num="82" count="127" type="cond" truecount="1" falsecount="1"/>
      <line num="83" count="127" type="stmt"/>
      <line num="86" count="0" type="stmt"/>
      <line num="90" count="47" type="stmt"/>
      <line num="91" count="47" type="cond" truecount="2" falsecount="0"/>
      <line num="92" count="24" type="cond" truecount="2" falsecount="0"/>
      <line num="93" count="23" type="cond" truecount="1" falsecount="1"/>
      <line num="94" count="23" type="cond" truecount="2" falsecount="0"/>
      <line num="96" count="47" type="stmt"/>
      <line num="100" count="51" type="stmt"/>
      <line num="101" count="51" type="cond" truecount="2" falsecount="0"/>
      <line num="102" count="26" type="cond" truecount="2" falsecount="0"/>
      <line num="103" count="25" type="cond" truecount="1" falsecount="1"/>
      <line num="104" count="25" type="cond" truecount="2" falsecount="0"/>
      <line num="106" count="51" type="stmt"/>
      <line num="110" count="29" type="stmt"/>
      <line num="111" count="29" type="cond" truecount="1" falsecount="1"/>
      <line num="112" count="29" type="stmt"/>
      <line num="117" count="125" type="stmt"/>
    </file>
  </project>
</coverage>
