<?xml version="1.0" encoding="UTF-8"?>
<coverage generated="1580947720617" clover="3.2.0">
  <project timestamp="1580947720618" name="All files">
    <metrics statements="34" coveredstatements="32" conditionals="29" coveredconditionals="22" methods="5" coveredmethods="5" elements="68" coveredelements="59" complexity="0" loc="34" ncloc="34" packages="1" files="1" classes="1"/>
    <file name="index.ts" path="D:\Github\classnames-helper\src\index.ts">
      <metrics statements="34" coveredstatements="32" conditionals="29" coveredconditionals="22" methods="5" coveredmethods="5"/>
      <line num="12" count="1" type="stmt"/>
      <line num="13" count="136" type="stmt"/>
      <line num="16" count="219" type="stmt"/>
      <line num="25" count="1" type="stmt"/>
      <line num="26" count="136" type="cond" truecount="1" falsecount="1"/>
      <line num="27" count="136" type="stmt"/>
      <line num="28" count="136" type="cond" truecount="2" falsecount="0"/>
      <line num="30" count="0" type="stmt"/>
      <line num="40" count="1" type="stmt"/>
      <line num="41" count="29" type="cond" truecount="2" falsecount="0"/>
      <line num="47" count="6" type="stmt"/>
      <line num="49" count="23" type="stmt"/>
      <line num="58" count="1" type="stmt"/>
      <line num="59" count="320" type="stmt"/>
      <line num="61" count="87" type="stmt"/>
      <line num="64" count="174" type="stmt"/>
      <line num="66" count="146" type="cond" truecount="2" falsecount="0"/>
      <line num="67" count="65" type="stmt"/>
      <line num="68" count="65" type="stmt"/>
      <line num="72" count="81" type="cond" truecount="1" falsecount="1"/>
      <line num="73" count="81" type="stmt"/>
      <line num="76" count="0" type="stmt"/>
      <line num="80" count="25" type="stmt"/>
      <line num="81" count="25" type="cond" truecount="1" falsecount="1"/>
      <line num="82" count="25" type="cond" truecount="2" falsecount="0"/>
      <line num="84" count="25" type="stmt"/>
      <line num="88" count="27" type="stmt"/>
      <line num="89" count="27" type="cond" truecount="1" falsecount="1"/>
      <line num="90" count="27" type="cond" truecount="2" falsecount="0"/>
      <line num="92" count="27" type="stmt"/>
      <line num="96" count="29" type="stmt"/>
      <line num="97" count="29" type="cond" truecount="1" falsecount="1"/>
      <line num="98" count="29" type="stmt"/>
      <line num="103" count="87" type="stmt"/>
    </file>
  </project>
</coverage>
