{"D:\\Github\\classnames-helper\\src\\index.ts": {"path":"D:\\Github\\classnames-helper\\src\\index.ts","statementMap":{"0":{"start":{"line":12,"column":13},"end":{"line":18,"column":1}},"1":{"start":{"line":13,"column":2},"end":{"line":17,"column":15}},"2":{"start":{"line":16,"column":27},"end":{"line":16,"column":40}},"3":{"start":{"line":25,"column":21},"end":{"line":31,"column":1}},"4":{"start":{"line":26,"column":2},"end":{"line":29,"column":null}},"5":{"start":{"line":27,"column":18},"end":{"line":27,"column":27}},"6":{"start":{"line":28,"column":4},"end":{"line":28,"column":47}},"7":{"start":{"line":30,"column":2},"end":{"line":30,"column":12}},"8":{"start":{"line":40,"column":27},"end":{"line":50,"column":1}},"9":{"start":{"line":41,"column":2},"end":{"line":48,"column":null}},"10":{"start":{"line":47,"column":4},"end":{"line":47,"column":14}},"11":{"start":{"line":49,"column":2},"end":{"line":49,"column":24}},"12":{"start":{"line":58,"column":0},"end":{"line":104,"column":2}},"13":{"start":{"line":59,"column":2},"end":{"line":59,"column":93}},"14":{"start":{"line":61,"column":21},"end":{"line":61,"column":23}},"15":{"start":{"line":64,"column":2},"end":{"line":102,"column":null}},"16":{"start":{"line":64,"column":20},"end":{"line":64,"column":24}},"17":{"start":{"line":64,"column":16},"end":{"line":64,"column":20}},"18":{"start":{"line":66,"column":4},"end":{"line":101,"column":null}},"19":{"start":{"line":67,"column":6},"end":{"line":67,"column":42}},"20":{"start":{"line":68,"column":6},"end":{"line":68,"column":15}},"21":{"start":{"line":72,"column":9},"end":{"line":101,"column":null}},"22":{"start":{"line":73,"column":6},"end":{"line":100,"column":null}},"23":{"start":{"line":76,"column":10},"end":{"line":76,"column":16}},"24":{"start":{"line":80,"column":10},"end":{"line":80,"column":42}},"25":{"start":{"line":81,"column":10},"end":{"line":83,"column":null}},"26":{"start":{"line":82,"column":12},"end":{"line":82,"column":67}},"27":{"start":{"line":84,"column":10},"end":{"line":84,"column":16}},"28":{"start":{"line":88,"column":10},"end":{"line":88,"column":50}},"29":{"start":{"line":89,"column":10},"end":{"line":91,"column":null}},"30":{"start":{"line":90,"column":12},"end":{"line":90,"column":96}},"31":{"start":{"line":92,"column":10},"end":{"line":92,"column":16}},"32":{"start":{"line":96,"column":10},"end":{"line":96,"column":46}},"33":{"start":{"line":97,"column":10},"end":{"line":99,"column":null}},"34":{"start":{"line":98,"column":12},"end":{"line":98,"column":78}},"35":{"start":{"line":103,"column":2},"end":{"line":103,"column":44}}},"fnMap":{"0":{"name":"(anonymous_0)","decl":{"start":{"line":12,"column":13},"end":{"line":12,"column":14}},"loc":{"start":{"line":12,"column":25},"end":{"line":18,"column":1}}},"1":{"name":"(anonymous_1)","decl":{"start":{"line":16,"column":12},"end":{"line":16,"column":13}},"loc":{"start":{"line":16,"column":22},"end":{"line":16,"column":28}}},"2":{"name":"(anonymous_2)","decl":{"start":{"line":25,"column":21},"end":{"line":25,"column":22}},"loc":{"start":{"line":25,"column":33},"end":{"line":31,"column":1}}},"3":{"name":"(anonymous_3)","decl":{"start":{"line":40,"column":27},"end":{"line":40,"column":28}},"loc":{"start":{"line":40,"column":53},"end":{"line":50,"column":1}}},"4":{"name":"(anonymous_4)","decl":{"start":{"line":58,"column":15},"end":{"line":58,"column":null}},"loc":{"start":{"line":58,"column":15},"end":{"line":104,"column":1}}}},"branchMap":{"0":{"loc":{"start":{"line":26,"column":2},"end":{"line":29,"column":null}},"type":"if","locations":[{"start":{"line":26,"column":2},"end":{"line":29,"column":null}},{"start":{"line":26,"column":2},"end":{"line":29,"column":null}}]},"1":{"loc":{"start":{"line":28,"column":33},"end":{"line":28,"column":41}},"type":"cond-expr","locations":[{"start":{"line":28,"column":33},"end":{"line":28,"column":41}},{"start":{"line":28,"column":44},"end":{"line":28,"column":46}}]},"2":{"loc":{"start":{"line":41,"column":2},"end":{"line":48,"column":null}},"type":"if","locations":[{"start":{"line":41,"column":2},"end":{"line":48,"column":null}},{"start":{"line":41,"column":2},"end":{"line":48,"column":null}}]},"3":{"loc":{"start":{"line":42,"column":4},"end":{"line":42,"column":29}},"type":"binary-expr","locations":[{"start":{"line":42,"column":4},"end":{"line":42,"column":29}},{"start":{"line":43,"column":4},"end":{"line":43,"column":13}},{"start":{"line":44,"column":4},"end":{"line":44,"column":27}},{"start":{"line":45,"column":4},"end":{"line":45,"column":38}}]},"4":{"loc":{"start":{"line":66,"column":4},"end":{"line":101,"column":null}},"type":"if","locations":[{"start":{"line":66,"column":4},"end":{"line":101,"column":null}},{"start":{"line":66,"column":4},"end":{"line":101,"column":null}}]},"5":{"loc":{"start":{"line":72,"column":9},"end":{"line":101,"column":null}},"type":"if","locations":[{"start":{"line":72,"column":9},"end":{"line":101,"column":null}},{"start":{"line":72,"column":9},"end":{"line":101,"column":null}}]},"6":{"loc":{"start":{"line":74,"column":8},"end":{"line":74,"column":15}},"type":"switch","locations":[{"start":{"line":74,"column":8},"end":{"line":74,"column":15}},{"start":{"line":75,"column":8},"end":{"line":76,"column":16}},{"start":{"line":79,"column":8},"end":{"line":84,"column":16}},{"start":{"line":87,"column":8},"end":{"line":92,"column":16}},{"start":{"line":95,"column":8},"end":{"line":99,"column":null}}]},"7":{"loc":{"start":{"line":81,"column":10},"end":{"line":83,"column":null}},"type":"if","locations":[{"start":{"line":81,"column":10},"end":{"line":83,"column":null}},{"start":{"line":81,"column":10},"end":{"line":83,"column":null}}]},"8":{"loc":{"start":{"line":82,"column":30},"end":{"line":82,"column":61}},"type":"cond-expr","locations":[{"start":{"line":82,"column":30},"end":{"line":82,"column":61}},{"start":{"line":82,"column":64},"end":{"line":82,"column":66}}]},"9":{"loc":{"start":{"line":89,"column":10},"end":{"line":91,"column":null}},"type":"if","locations":[{"start":{"line":89,"column":10},"end":{"line":91,"column":null}},{"start":{"line":89,"column":10},"end":{"line":91,"column":null}}]},"10":{"loc":{"start":{"line":90,"column":30},"end":{"line":90,"column":61}},"type":"cond-expr","locations":[{"start":{"line":90,"column":30},"end":{"line":90,"column":61}},{"start":{"line":90,"column":64},"end":{"line":90,"column":95}}]},"11":{"loc":{"start":{"line":97,"column":10},"end":{"line":99,"column":null}},"type":"if","locations":[{"start":{"line":97,"column":10},"end":{"line":99,"column":null}},{"start":{"line":97,"column":10},"end":{"line":99,"column":null}}]}},"s":{"0":1,"1":136,"2":219,"3":1,"4":136,"5":136,"6":136,"7":0,"8":1,"9":29,"10":6,"11":23,"12":1,"13":320,"14":87,"15":87,"16":174,"17":146,"18":146,"19":65,"20":65,"21":81,"22":81,"23":0,"24":25,"25":25,"26":25,"27":25,"28":27,"29":27,"30":27,"31":27,"32":29,"33":29,"34":29,"35":87},"f":{"0":136,"1":219,"2":136,"3":29,"4":87},"b":{"0":[136,0],"1":[98,38],"2":[6,23],"3":[29,29,29,23],"4":[65,81],"5":[81,0],"6":[0,0,25,27,29],"7":[25,0],"8":[15,10],"9":[27,0],"10":[14,13],"11":[29,0]}}
}
