{"D:\\Github\\classnames-helper\\src\\index.ts": {"path":"D:\\Github\\classnames-helper\\src\\index.ts","statementMap":{"0":{"start":{"line":17,"column":13},"end":{"line":23,"column":1}},"1":{"start":{"line":18,"column":2},"end":{"line":22,"column":15}},"2":{"start":{"line":21,"column":27},"end":{"line":21,"column":40}},"3":{"start":{"line":30,"column":21},"end":{"line":36,"column":1}},"4":{"start":{"line":31,"column":2},"end":{"line":34,"column":null}},"5":{"start":{"line":32,"column":18},"end":{"line":32,"column":27}},"6":{"start":{"line":33,"column":4},"end":{"line":33,"column":47}},"7":{"start":{"line":35,"column":2},"end":{"line":35,"column":12}},"8":{"start":{"line":45,"column":27},"end":{"line":55,"column":1}},"9":{"start":{"line":46,"column":2},"end":{"line":53,"column":null}},"10":{"start":{"line":52,"column":4},"end":{"line":52,"column":14}},"11":{"start":{"line":54,"column":2},"end":{"line":54,"column":24}},"12":{"start":{"line":63,"column":0},"end":{"line":118,"column":2}},"13":{"start":{"line":64,"column":2},"end":{"line":64,"column":null}},"14":{"start":{"line":71,"column":21},"end":{"line":71,"column":23}},"15":{"start":{"line":74,"column":2},"end":{"line":116,"column":null}},"16":{"start":{"line":74,"column":20},"end":{"line":74,"column":24}},"17":{"start":{"line":74,"column":16},"end":{"line":74,"column":20}},"18":{"start":{"line":76,"column":4},"end":{"line":115,"column":null}},"19":{"start":{"line":77,"column":6},"end":{"line":77,"column":42}},"20":{"start":{"line":78,"column":6},"end":{"line":78,"column":15}},"21":{"start":{"line":82,"column":9},"end":{"line":115,"column":null}},"22":{"start":{"line":83,"column":6},"end":{"line":114,"column":null}},"23":{"start":{"line":86,"column":10},"end":{"line":86,"column":16}},"24":{"start":{"line":90,"column":10},"end":{"line":90,"column":58}},"25":{"start":{"line":91,"column":10},"end":{"line":95,"column":null}},"26":{"start":{"line":92,"column":12},"end":{"line":92,"column":67}},"27":{"start":{"line":93,"column":17},"end":{"line":95,"column":null}},"28":{"start":{"line":94,"column":12},"end":{"line":94,"column":69}},"29":{"start":{"line":96,"column":10},"end":{"line":96,"column":16}},"30":{"start":{"line":100,"column":10},"end":{"line":100,"column":66}},"31":{"start":{"line":101,"column":10},"end":{"line":105,"column":null}},"32":{"start":{"line":102,"column":12},"end":{"line":102,"column":96}},"33":{"start":{"line":103,"column":17},"end":{"line":105,"column":null}},"34":{"start":{"line":104,"column":12},"end":{"line":104,"column":98}},"35":{"start":{"line":106,"column":10},"end":{"line":106,"column":16}},"36":{"start":{"line":110,"column":10},"end":{"line":110,"column":52}},"37":{"start":{"line":111,"column":10},"end":{"line":113,"column":null}},"38":{"start":{"line":112,"column":12},"end":{"line":112,"column":80}},"39":{"start":{"line":117,"column":2},"end":{"line":117,"column":44}}},"fnMap":{"0":{"name":"(anonymous_0)","decl":{"start":{"line":17,"column":13},"end":{"line":17,"column":14}},"loc":{"start":{"line":17,"column":25},"end":{"line":23,"column":1}}},"1":{"name":"(anonymous_1)","decl":{"start":{"line":21,"column":12},"end":{"line":21,"column":13}},"loc":{"start":{"line":21,"column":22},"end":{"line":21,"column":28}}},"2":{"name":"(anonymous_2)","decl":{"start":{"line":30,"column":21},"end":{"line":30,"column":22}},"loc":{"start":{"line":30,"column":33},"end":{"line":36,"column":1}}},"3":{"name":"(anonymous_3)","decl":{"start":{"line":45,"column":27},"end":{"line":45,"column":28}},"loc":{"start":{"line":45,"column":53},"end":{"line":55,"column":1}}},"4":{"name":"(anonymous_4)","decl":{"start":{"line":63,"column":15},"end":{"line":63,"column":null}},"loc":{"start":{"line":63,"column":15},"end":{"line":118,"column":1}}}},"branchMap":{"0":{"loc":{"start":{"line":31,"column":2},"end":{"line":34,"column":null}},"type":"if","locations":[{"start":{"line":31,"column":2},"end":{"line":34,"column":null}},{"start":{"line":31,"column":2},"end":{"line":34,"column":null}}]},"1":{"loc":{"start":{"line":33,"column":33},"end":{"line":33,"column":41}},"type":"cond-expr","locations":[{"start":{"line":33,"column":33},"end":{"line":33,"column":41}},{"start":{"line":33,"column":44},"end":{"line":33,"column":46}}]},"2":{"loc":{"start":{"line":46,"column":2},"end":{"line":53,"column":null}},"type":"if","locations":[{"start":{"line":46,"column":2},"end":{"line":53,"column":null}},{"start":{"line":46,"column":2},"end":{"line":53,"column":null}}]},"3":{"loc":{"start":{"line":47,"column":4},"end":{"line":47,"column":29}},"type":"binary-expr","locations":[{"start":{"line":47,"column":4},"end":{"line":47,"column":29}},{"start":{"line":48,"column":4},"end":{"line":48,"column":13}},{"start":{"line":49,"column":4},"end":{"line":49,"column":27}},{"start":{"line":50,"column":4},"end":{"line":50,"column":38}}]},"4":{"loc":{"start":{"line":76,"column":4},"end":{"line":115,"column":null}},"type":"if","locations":[{"start":{"line":76,"column":4},"end":{"line":115,"column":null}},{"start":{"line":76,"column":4},"end":{"line":115,"column":null}}]},"5":{"loc":{"start":{"line":82,"column":9},"end":{"line":115,"column":null}},"type":"if","locations":[{"start":{"line":82,"column":9},"end":{"line":115,"column":null}},{"start":{"line":82,"column":9},"end":{"line":115,"column":null}}]},"6":{"loc":{"start":{"line":84,"column":8},"end":{"line":84,"column":15}},"type":"switch","locations":[{"start":{"line":84,"column":8},"end":{"line":84,"column":15}},{"start":{"line":85,"column":8},"end":{"line":86,"column":16}},{"start":{"line":89,"column":8},"end":{"line":96,"column":16}},{"start":{"line":99,"column":8},"end":{"line":106,"column":16}},{"start":{"line":109,"column":8},"end":{"line":113,"column":null}}]},"7":{"loc":{"start":{"line":91,"column":10},"end":{"line":95,"column":null}},"type":"if","locations":[{"start":{"line":91,"column":10},"end":{"line":95,"column":null}},{"start":{"line":91,"column":10},"end":{"line":95,"column":null}}]},"8":{"loc":{"start":{"line":92,"column":30},"end":{"line":92,"column":61}},"type":"cond-expr","locations":[{"start":{"line":92,"column":30},"end":{"line":92,"column":61}},{"start":{"line":92,"column":64},"end":{"line":92,"column":66}}]},"9":{"loc":{"start":{"line":93,"column":17},"end":{"line":95,"column":null}},"type":"if","locations":[{"start":{"line":93,"column":17},"end":{"line":95,"column":null}},{"start":{"line":93,"column":17},"end":{"line":95,"column":null}}]},"10":{"loc":{"start":{"line":94,"column":32},"end":{"line":94,"column":63}},"type":"cond-expr","locations":[{"start":{"line":94,"column":32},"end":{"line":94,"column":63}},{"start":{"line":94,"column":66},"end":{"line":94,"column":68}}]},"11":{"loc":{"start":{"line":101,"column":10},"end":{"line":105,"column":null}},"type":"if","locations":[{"start":{"line":101,"column":10},"end":{"line":105,"column":null}},{"start":{"line":101,"column":10},"end":{"line":105,"column":null}}]},"12":{"loc":{"start":{"line":102,"column":30},"end":{"line":102,"column":61}},"type":"cond-expr","locations":[{"start":{"line":102,"column":30},"end":{"line":102,"column":61}},{"start":{"line":102,"column":64},"end":{"line":102,"column":95}}]},"13":{"loc":{"start":{"line":103,"column":17},"end":{"line":105,"column":null}},"type":"if","locations":[{"start":{"line":103,"column":17},"end":{"line":105,"column":null}},{"start":{"line":103,"column":17},"end":{"line":105,"column":null}}]},"14":{"loc":{"start":{"line":104,"column":32},"end":{"line":104,"column":63}},"type":"cond-expr","locations":[{"start":{"line":104,"column":32},"end":{"line":104,"column":63}},{"start":{"line":104,"column":66},"end":{"line":104,"column":97}}]},"15":{"loc":{"start":{"line":111,"column":10},"end":{"line":113,"column":null}},"type":"if","locations":[{"start":{"line":111,"column":10},"end":{"line":113,"column":null}},{"start":{"line":111,"column":10},"end":{"line":113,"column":null}}]}},"s":{"0":1,"1":179,"2":294,"3":1,"4":179,"5":179,"6":179,"7":0,"8":1,"9":29,"10":6,"11":23,"12":1,"13":448,"14":125,"15":125,"16":250,"17":198,"18":198,"19":71,"20":71,"21":127,"22":127,"23":0,"24":47,"25":47,"26":24,"27":23,"28":23,"29":47,"30":51,"31":51,"32":26,"33":25,"34":25,"35":51,"36":29,"37":29,"38":29,"39":125},"f":{"0":179,"1":294,"2":179,"3":29,"4":125},"b":{"0":[179,0],"1":[132,47],"2":[6,23],"3":[29,29,29,23],"4":[71,127],"5":[127,0],"6":[0,0,47,51,29],"7":[24,23],"8":[14,10],"9":[23,0],"10":[14,9],"11":[26,25],"12":[14,12],"13":[25,0],"14":[13,12],"15":[29,0]}}
}
