{"total": {"lines":{"total":34,"covered":32,"skipped":0,"pct":94.12},"statements":{"total":36,"covered":34,"skipped":0,"pct":94.44},"functions":{"total":5,"covered":5,"skipped":0,"pct":100},"branches":{"total":29,"covered":22,"skipped":0,"pct":75.86}}
,"D:\\Github\\classnames-helper\\src\\index.ts": {"lines":{"total":34,"covered":32,"skipped":0,"pct":94.12},"functions":{"total":5,"covered":5,"skipped":0,"pct":100},"statements":{"total":36,"covered":34,"skipped":0,"pct":94.44},"branches":{"total":29,"covered":22,"skipped":0,"pct":75.86}}
}
