TN:
SF:src\index.ts
FN:17,(anonymous_0)
FN:21,(anonymous_1)
FN:30,(anonymous_2)
FN:45,(anonymous_3)
FN:63,(anonymous_4)
FNF:5
FNH:5
FNDA:179,(anonymous_0)
FNDA:294,(anonymous_1)
FNDA:179,(anonymous_2)
FNDA:29,(anonymous_3)
FNDA:125,(anonymous_4)
DA:17,1
DA:18,179
DA:21,294
DA:30,1
DA:31,179
DA:32,179
DA:33,179
DA:35,0
DA:45,1
DA:46,29
DA:52,6
DA:54,23
DA:63,1
DA:64,448
DA:71,125
DA:74,250
DA:76,198
DA:77,71
DA:78,71
DA:82,127
DA:83,127
DA:86,0
DA:90,47
DA:91,47
DA:92,24
DA:93,23
DA:94,23
DA:96,47
DA:100,51
DA:101,51
DA:102,26
DA:103,25
DA:104,25
DA:106,51
DA:110,29
DA:111,29
DA:112,29
DA:117,125
LF:38
LH:36
BRDA:31,0,0,179
BRDA:31,0,1,0
BRDA:33,1,0,132
BRDA:33,1,1,47
BRDA:46,2,0,6
BRDA:46,2,1,23
BRDA:47,3,0,29
BRDA:47,3,1,29
BRDA:47,3,2,29
BRDA:47,3,3,23
BRDA:76,4,0,71
BRDA:76,4,1,127
BRDA:82,5,0,127
BRDA:82,5,1,0
BRDA:84,6,0,0
BRDA:84,6,1,0
BRDA:84,6,2,47
BRDA:84,6,3,51
BRDA:84,6,4,29
BRDA:91,7,0,24
BRDA:91,7,1,23
BRDA:92,8,0,14
BRDA:92,8,1,10
BRDA:93,9,0,23
BRDA:93,9,1,0
BRDA:94,10,0,14
BRDA:94,10,1,9
BRDA:101,11,0,26
BRDA:101,11,1,25
BRDA:102,12,0,14
BRDA:102,12,1,12
BRDA:103,13,0,25
BRDA:103,13,1,0
BRDA:104,14,0,13
BRDA:104,14,1,12
BRDA:111,15,0,29
BRDA:111,15,1,0
BRF:37
BRH:30
end_of_record
