TN:
SF:src\index.ts
FN:12,(anonymous_0)
FN:16,(anonymous_1)
FN:25,(anonymous_2)
FN:40,(anonymous_3)
FN:58,(anonymous_4)
FNF:5
FNH:5
FNDA:136,(anonymous_0)
FNDA:219,(anonymous_1)
FNDA:136,(anonymous_2)
FNDA:29,(anonymous_3)
FNDA:87,(anonymous_4)
DA:12,1
DA:13,136
DA:16,219
DA:25,1
DA:26,136
DA:27,136
DA:28,136
DA:30,0
DA:40,1
DA:41,29
DA:47,6
DA:49,23
DA:58,1
DA:59,320
DA:61,87
DA:64,174
DA:66,146
DA:67,65
DA:68,65
DA:72,81
DA:73,81
DA:76,0
DA:80,25
DA:81,25
DA:82,25
DA:84,25
DA:88,27
DA:89,27
DA:90,27
DA:92,27
DA:96,29
DA:97,29
DA:98,29
DA:103,87
LF:34
LH:32
BRDA:26,0,0,136
BRDA:26,0,1,0
BRDA:28,1,0,98
BRDA:28,1,1,38
BRDA:41,2,0,6
BRDA:41,2,1,23
BRDA:42,3,0,29
BRDA:42,3,1,29
BRDA:42,3,2,29
BRDA:42,3,3,23
BRDA:66,4,0,65
BRDA:66,4,1,81
BRDA:72,5,0,81
BRDA:72,5,1,0
BRDA:74,6,0,0
BRDA:74,6,1,0
BRDA:74,6,2,25
BRDA:74,6,3,27
BRDA:74,6,4,29
BRDA:81,7,0,25
BRDA:81,7,1,0
BRDA:82,8,0,15
BRDA:82,8,1,10
BRDA:89,9,0,27
BRDA:89,9,1,0
BRDA:90,10,0,14
BRDA:90,10,1,13
BRDA:97,11,0,29
BRDA:97,11,1,0
BRF:29
BRH:22
end_of_record
